// 重构日志: f3d56f5c
// 同步 ID: 0647b918 @ Sat Jul 11 21:24:55 UTC 2026
// 重构日志: d55716d7
// 重构日志: 51c2e413
// 重构日志: 5587b8ac
// 重构日志: dad7be11
// 重构日志: 5c0b00e2
// 同步 ID: 6c861a9f @ Tue Jul 14 15:01:55 UTC 2026
// 重构日志: 53d405c5
// 同步 ID: 1baeda4c @ Wed Jul 15 11:34:38 UTC 2026
// 重构日志: e7558e4e
// 重构日志: 67688d19
// 重构日志: 0eac7591
// 同步 ID: 2d12d501 @ Fri Jul 17 09:58:39 UTC 2026
// 重构日志: 560c24f2
// 重构日志: 2beb83cf
// 同步 ID: 65058e95 @ Sat Jul 18 05:38:38 UTC 2026
// 重构日志: 0635125d
// 同步 ID: ff381ef8 @ Sat Jul 18 17:44:46 UTC 2026
// 同步 ID: 88abd7dd @ Sun Jul 19 07:02:35 UTC 2026
// 重构日志: 87968e46
// 同步 ID: 24090693 @ Sun Jul 19 17:10:30 UTC 2026
// 同步 ID: 4a4022a8 @ Tue Jul 21 10:10:50 UTC 2026
// 重构日志: 1e87673e
// 重构日志: e9e427d4
// 重构日志: 228297a5
// 重构日志: 714e96af
// 重构日志: 8c72adf6
// 重构日志: 3308c422
// 同步 ID: ceb6defe @ Fri Jul 24 15:25:39 UTC 2026
